<?xml version="1.0" encoding="UTF-8"?>
<!-- Generated by org.testng.reporters.JUnitReportReporter -->
<testsuite hostname="Susees-MacBook-Air.local" failures="0" tests="4" name="testLayer.LoginTest" time="9.147" errors="0" timestamp="2024-05-11T09:34:32 EDT" skipped="0">
  <testcase classname="testLayer.LoginTest" name="Login" time="3.053"/>
  <testcase classname="testLayer.LoginTest" name="Login" time="2.127"/>
  <testcase classname="testLayer.LoginTest" name="Login" time="1.998"/>
  <testcase classname="testLayer.LoginTest" name="Login" time="1.969"/>
</testsuite> <!-- testLayer.LoginTest -->
